[debug] [2021-06-08T15:02:31.868Z] ----------------------------------------------------------------------
[debug] [2021-06-08T15:02:31.870Z] Command:       C:\Program Files\nodejs\node.exe C:\Users\FUNSOFT SYSTEMS LTD\AppData\Roaming\npm\node_modules\firebase-tools\lib\bin\firebase.js init
[debug] [2021-06-08T15:02:31.871Z] CLI Version:   9.12.1
[debug] [2021-06-08T15:02:31.871Z] Platform:      win32
[debug] [2021-06-08T15:02:31.871Z] Node Version:  v14.17.0
[debug] [2021-06-08T15:02:31.872Z] Time:          Tue Jun 08 2021 18:02:31 GMT+0300 (East Africa Time)
[debug] [2021-06-08T15:02:31.872Z] ----------------------------------------------------------------------
[debug] 
[debug] [2021-06-08T15:02:31.882Z] > command requires scopes: ["email","openid","https://www.googleapis.com/auth/cloudplatformprojects.readonly","https://www.googleapis.com/auth/firebase","https://www.googleapis.com/auth/cloud-platform"]
[debug] [2021-06-08T15:02:31.883Z] > authorizing via signed-in user (funsoftsystems@gmail.com)
[info] 
     ######## #### ########  ######## ########     ###     ######  ########
     ##        ##  ##     ## ##       ##     ##  ##   ##  ##       ##
     ######    ##  ########  ######   ########  #########  ######  ######
     ##        ##  ##    ##  ##       ##     ## ##     ##       ## ##
     ##       #### ##     ## ######## ########  ##     ##  ######  ########

You're about to initialize a Firebase project in this directory:

  D:\MEGAsync\REACT-PROJECTS\Reactjs\todo-app\TODO-APP\todo-app

[info] 
=== Project Setup
[info] 
[info] First, let's associate this project directory with a Firebase project.
[info] You can create multiple project aliases by running firebase use --add, 
[info] but for now we'll just set up a default project.
[info] 
[debug] [2021-06-08T15:02:54.061Z] > refreshing access token with scopes: []
[debug] [2021-06-08T15:02:54.062Z] >>> HTTP REQUEST POST https://www.googleapis.com/oauth2/v3/token  
 <request body omitted>
[debug] [2021-06-08T15:02:54.839Z] <<< HTTP RESPONSE 200 {"pragma":"no-cache","cache-control":"no-cache, no-store, max-age=0, must-revalidate","date":"Tue, 08 Jun 2021 15:02:55 GMT","expires":"Mon, 01 Jan 1990 00:00:00 GMT","content-type":"application/json; charset=utf-8","vary":"X-Origin, Referer, Origin,Accept-Encoding","server":"scaffolding on HTTPServer2","x-xss-protection":"0","x-frame-options":"SAMEORIGIN","x-content-type-options":"nosniff","alt-svc":"h3-29=\":443\"; ma=2592000,h3-T051=\":443\"; ma=2592000,h3-Q050=\":443\"; ma=2592000,h3-Q046=\":443\"; ma=2592000,h3-Q043=\":443\"; ma=2592000,quic=\":443\"; ma=2592000; v=\"46,43\"","accept-ranges":"none","transfer-encoding":"chunked"}
[debug] [2021-06-08T15:02:54.940Z] >>> [apiv2][query] GET https://firebase.googleapis.com/v1beta1/projects pageSize=100
[debug] [2021-06-08T15:02:55.816Z] <<< [apiv2][status] GET https://firebase.googleapis.com/v1beta1/projects 200
[debug] [2021-06-08T15:02:55.817Z] <<< [apiv2][body] GET https://firebase.googleapis.com/v1beta1/projects [omitted]
[debug] [2021-06-08T15:05:07.398Z] ----------------------------------------------------------------------
[debug] [2021-06-08T15:05:07.401Z] Command:       C:\Program Files\nodejs\node.exe C:\Users\FUNSOFT SYSTEMS LTD\AppData\Roaming\npm\node_modules\firebase-tools\lib\bin\firebase.js init
[debug] [2021-06-08T15:05:07.402Z] CLI Version:   9.12.1
[debug] [2021-06-08T15:05:07.402Z] Platform:      win32
[debug] [2021-06-08T15:05:07.402Z] Node Version:  v14.17.0
[debug] [2021-06-08T15:05:07.403Z] Time:          Tue Jun 08 2021 18:05:07 GMT+0300 (East Africa Time)
[debug] [2021-06-08T15:05:07.403Z] ----------------------------------------------------------------------
[debug] 
[debug] [2021-06-08T15:05:07.411Z] > command requires scopes: ["email","openid","https://www.googleapis.com/auth/cloudplatformprojects.readonly","https://www.googleapis.com/auth/firebase","https://www.googleapis.com/auth/cloud-platform"]
[debug] [2021-06-08T15:05:07.412Z] > authorizing via signed-in user (funsoftsystems@gmail.com)
[info] 
     ######## #### ########  ######## ########     ###     ######  ########
     ##        ##  ##     ## ##       ##     ##  ##   ##  ##       ##
     ######    ##  ########  ######   ########  #########  ######  ######
     ##        ##  ##    ##  ##       ##     ## ##     ##       ## ##
     ##       #### ##     ## ######## ########  ##     ##  ######  ########

You're about to initialize a Firebase project in this directory:

  D:\MEGAsync\REACT-PROJECTS\Reactjs\todo-app\TODO-APP\todo-app

[info] 
=== Project Setup
[info] 
[info] First, let's associate this project directory with a Firebase project.
[info] You can create multiple project aliases by running firebase use --add, 
[info] but for now we'll just set up a default project.
[info] 
[debug] [2021-06-08T15:05:20.382Z] >>> [apiv2][query] GET https://firebase.googleapis.com/v1beta1/projects pageSize=100
[debug] [2021-06-08T15:05:21.168Z] <<< [apiv2][status] GET https://firebase.googleapis.com/v1beta1/projects 200
[debug] [2021-06-08T15:05:21.168Z] <<< [apiv2][body] GET https://firebase.googleapis.com/v1beta1/projects [omitted]
